#
# A fatal error has been detected by the Java Runtime Environment:
#
#  EXCEPTION_ACCESS_VIOLATION (0xc0000005) at pc=0x00000000774732c5, pid=10284, tid=0x0000000000005758
#
# JRE version: Java(TM) SE Runtime Environment (8.0_211-b12) (build 1.8.0_211-b12)
# Java VM: Java HotSpot(TM) 64-Bit Server VM (25.211-b12 mixed mode windows-amd64 compressed oops)
# Problematic frame:
# V  [jvm.dll+0x732c5]
#
# Failed to write core dump. Minidumps are not enabled by default on client versions of Windows
#
# If you would like to submit a bug report, please visit:
#   http://bugreport.java.com/bugreport/crash.jsp
#

---------------  T H R E A D  ---------------

Current thread (0x0000000005c49000):  VMThread [stack: 0x00000000082b0000,0x00000000083b0000] [id=22360]

siginfo: ExceptionCode=0xc0000005, reading address 0xffffffffffffffff

Registers:
RAX=0x00ca000077a07b48, RBX=0x0000000003704800, RCX=0x00000000065aa180, RDX=0x0000000006472201
RSP=0x00000000083af0e8, RBP=0x00000000774732c0, RSI=0x0000000000000018, RDI=0x0000000000000003
R8 =0x0000000000080009, R9 =0x00000000202108da, R10=0x00000000083af170, R11=0x00000000084af250
R12=0x0000000005ad5ba8, R13=0x00000000000003d8, R14=0x0000000005ad57d0, R15=0x0000000005ad5ba8
RIP=0x00000000774732c5, EFLAGS=0x0000000000010297

Top of Stack: (sp=0x00000000083af0e8)
0x00000000083af0e8:   00000000776431ae 0000000003704800
0x00000000083af0f8:   00000000774732c0 0000000000000000
0x00000000083af108:   000000007749b42f 00000000084af260
0x00000000083af118:   00000000202108da 0000000020210790
0x00000000083af128:   0000000000000000 00000000084af340
0x00000000083af138:   00000000084af260 00000000084af260
0x00000000083af148:   00000000202108da 0000000020210790
0x00000000083af158:   0000000000000000 00000000084af340
0x00000000083af168:   00000000084af260 00000000083af1c0
0x00000000083af178:   0000000000000000 0000000000000008
0x00000000083af188:   00000000036fe480 0000000077bbb878
0x00000000083af198:   0000000077643130 0000000003704800
0x00000000083af1a8:   0000000000000000 0000000000000008
0x00000000083af1b8:   0000000000000009 00000000084af250
0x00000000083af1c8:   00000000084af250 0000000020210790
0x00000000083af1d8:   00007ffb00000000 00000000036ff9c0 

Instructions: (pc=0x00000000774732c5)
0x00000000774732a5:   24 60 48 8b 6c 24 68 48 8b 74 24 70 48 83 c4 30
0x00000000774732b5:   41 5f 41 5e 41 5d 41 5c 5f c3 cc 48 8b 01 b2 01
0x00000000774732c5:   48 ff 60 48 cc cc cc cc cc cc cc 48 8d 15 e9 ff
0x00000000774732d5:   ff ff e9 a4 5b 02 00 cc cc cc cc 48 89 5c 24 08 


Register to memory mapping:

RAX=0x00ca000077a07b48 is an unknown value
RBX=0x0000000003704800 is a thread
RCX=0x00000000065aa180 is pointing into metadata
RDX=0x0000000006472201 is pointing into metadata
RSP=0x00000000083af0e8 is an unknown value
RBP=0x00000000774732c0 is an unknown value
RSI=0x0000000000000018 is an unknown value
RDI=0x0000000000000003 is an unknown value
R8 =0x0000000000080009 is an unknown value
R9 =0x00000000202108da is at begin+179 in a stub
StubRoutines::call_stub [0x0000000020210827, 0x000000002021098b[ (356 bytes)
R10=0x00000000083af170 is an unknown value
R11=0x00000000084af250 is pointing into the stack for thread: 0x00000000037fb000
R12=0x0000000005ad5ba8 is an unknown value
R13=0x00000000000003d8 is an unknown value
R14=0x0000000005ad57d0 is an unknown value
R15=0x0000000005ad5ba8 is an unknown value


Stack: [0x00000000082b0000,0x00000000083b0000],  sp=0x00000000083af0e8,  free space=1020k
Native frames: (J=compiled Java code, j=interpreted, Vv=VM code, C=native code)
V  [jvm.dll+0x732c5]

VM_Operation (0x000000000919f6c0): RedefineClasses, mode: safepoint, requested by thread 0x00000000084e6000


---------------  P R O C E S S  ---------------

Java Threads: ( => current thread )
  0x000000000a7cc800 JavaThread "ReaderThread" [_thread_in_native, id=1284, stack(0x00000000099a0000,0x0000000009aa0000)]
  0x000000000858e000 JavaThread "Service Thread" daemon [_thread_blocked, id=7552, stack(0x00000000097a0000,0x00000000098a0000)]
  0x000000000851a000 JavaThread "C1 CompilerThread3" daemon [_thread_blocked, id=20792, stack(0x00000000096a0000,0x00000000097a0000)]
  0x0000000008515000 JavaThread "C2 CompilerThread2" daemon [_thread_blocked, id=21076, stack(0x00000000095a0000,0x00000000096a0000)]
  0x0000000008508800 JavaThread "C2 CompilerThread1" daemon [_thread_blocked, id=19596, stack(0x00000000094a0000,0x00000000095a0000)]
  0x0000000008507800 JavaThread "C2 CompilerThread0" daemon [_thread_blocked, id=20488, stack(0x00000000093a0000,0x00000000094a0000)]
  0x00000000084f8800 JavaThread "JDWP Command Reader" daemon [_thread_in_native, id=17660, stack(0x00000000092a0000,0x00000000093a0000)]
  0x00000000084f3800 JavaThread "JDWP Event Helper Thread" daemon [_thread_blocked, id=20376, stack(0x00000000091a0000,0x00000000092a0000)]
  0x00000000084e6000 JavaThread "JDWP Transport Listener: dt_socket" daemon [_thread_blocked, id=3380, stack(0x00000000090a0000,0x00000000091a0000)]
  0x00000000084dc000 JavaThread "Attach Listener" daemon [_thread_blocked, id=20364, stack(0x0000000008bb0000,0x0000000008cb0000)]
  0x00000000084db000 JavaThread "Signal Dispatcher" daemon [_thread_blocked, id=14688, stack(0x0000000008ab0000,0x0000000008bb0000)]
  0x00000000084d0800 JavaThread "Finalizer" daemon [_thread_blocked, id=7604, stack(0x00000000088b0000,0x00000000089b0000)]
  0x00000000037fb000 JavaThread "Reference Handler" daemon [_thread_blocked, id=21760, stack(0x00000000083b0000,0x00000000084b0000)]
  0x0000000003704800 JavaThread "main" [_thread_blocked, id=3132, stack(0x0000000003600000,0x0000000003700000)]

Other Threads:
=>0x0000000005c49000 VMThread [stack: 0x00000000082b0000,0x00000000083b0000] [id=22360]
  0x00000000085af000 WatcherThread [stack: 0x00000000098a0000,0x00000000099a0000] [id=20156]

VM state:at safepoint (normal execution)

VM Mutex/Monitor currently owned by a thread:  ([mutex/lock_event])
[0x00000000037016d0] Threads_lock - owner thread: 0x0000000005c49000

heap address: 0x00000006c1a00000, size: 4070 MB, Compressed Oops mode: Zero based, Oop shift amount: 3
Narrow klass base: 0x0000000000000000, Narrow klass shift: 3
Compressed class space size: 1073741824 Address: 0x00000007c0000000

Heap:
 PSYoungGen      total 76288K, used 22315K [0x000000076b380000, 0x0000000770880000, 0x00000007c0000000)
  eden space 65536K, 34% used [0x000000076b380000,0x000000076c94af68,0x000000076f380000)
  from space 10752K, 0% used [0x000000076fe00000,0x000000076fe00000,0x0000000770880000)
  to   space 10752K, 0% used [0x000000076f380000,0x000000076f380000,0x000000076fe00000)
 ParOldGen       total 175104K, used 0K [0x00000006c1a00000, 0x00000006cc500000, 0x000000076b380000)
  object space 175104K, 0% used [0x00000006c1a00000,0x00000006c1a00000,0x00000006cc500000)
 Metaspace       used 8660K, capacity 8764K, committed 9088K, reserved 1056768K
  class space    used 1007K, capacity 1042K, committed 1152K, reserved 1048576K

Card table byte_map: [0x0000000004050000,0x0000000004850000] byte_map_base: 0x0000000000a43000

Marking Bits: (ParMarkBitMap*) 0x0000000077c25ce0
 Begin Bits: [0x0000000014150000, 0x00000000180e8000)
 End Bits:   [0x00000000180e8000, 0x000000001c080000)

Polling page: 0x0000000003530000

CodeCache: size=245760Kb used=2764Kb max_used=2764Kb free=242995Kb
 bounds [0x0000000020210000, 0x00000000204d0000, 0x000000002f210000]
 total_blobs=927 nmethods=614 adapters=234
 compilation: enabled

Compilation events (10 events):
Event: 1.106 Thread 0x000000000851a000  610       3       java.security.CodeSource::<init> (40 bytes)
Event: 1.106 Thread 0x000000000851a000 nmethod 610 0x00000000204bdc90 code [0x00000000204bde20, 0x00000000204be288]
Event: 1.106 Thread 0x000000000851a000  611   !   3       java.security.SecureClassLoader::getProtectionDomain (114 bytes)
Event: 1.107 Thread 0x000000000851a000 nmethod 611 0x00000000204be3d0 code [0x00000000204be5c0, 0x00000000204bf188]
Event: 1.107 Thread 0x000000000851a000  614   !   3       sun.misc.Resource::getBytes (242 bytes)
Event: 1.108 Thread 0x000000000851a000 nmethod 614 0x00000000204bf790 code [0x00000000204bfaa0, 0x00000000204c15c8]
Event: 1.108 Thread 0x000000000851a000  612       3       java.lang.ClassLoader::defineClass (43 bytes)
Event: 1.109 Thread 0x000000000851a000 nmethod 612 0x00000000204c2390 code [0x00000000204c2580, 0x00000000204c3188]
Event: 1.109 Thread 0x000000000851a000  613   !   3       java.net.URLClassLoader::definePackageInternal (81 bytes)
Event: 1.109 Thread 0x000000000851a000 nmethod 613 0x00000000204c3710 code [0x00000000204c3940, 0x00000000204c44d8]

GC Heap History (0 events):
No events

Deoptimization events (2 events):
Event: 0.584 Thread 0x0000000003704800 Uncommon trap: reason=unstable_if action=reinterpret pc=0x00000000203b7388 method=java.lang.String.indexOf([CII[CIII)I @ 3
Event: 1.075 Thread 0x0000000003704800 Uncommon trap: reason=range_check action=make_not_entrant pc=0x00000000204ad750 method=sun.reflect.generics.parser.SignatureParser.current()C @ 34

Classes redefined (8 events):
Event: 2026.101 Thread 0x0000000005c49000 redefined class name=com.agility.focis.utility.BaseTest, count=1
Event: 2026.104 Thread 0x0000000005c49000 redefined class name=com.agility.focis.jp.workflows.af.WorkFlow_AF_E2E_B2B, count=2
Event: 2103.645 Thread 0x0000000005c49000 redefined class name=com.agility.focis.jp.workflows.af.WorkFlow_AF_E2E_B2B, count=3
Event: 3542.501 Thread 0x0000000005c49000 redefined class name=com.agility.focis.jp.workflows.af.WorkFlow_AF_E2E_B2B, count=4
Event: 3681.797 Thread 0x0000000005c49000 redefined class name=com.agility.focis.jp.workflows.af.WorkFlow_AF_E2E_B2B, count=5
Event: 4449.579 Thread 0x0000000005c49000 redefined class name=com.agility.focis.jp.workflows.af.WorkFlow_AF_E2E_B2B, count=6
Event: 5365.140 Thread 0x0000000005c49000 redefined class name=com.agility.focis.jp.workflows.af.WorkFlow_AF_E2E_B2B, count=7
Event: 10799.752 Thread 0x0000000005c49000 redefined class name=com.agility.focis.jp.workflows.af.WorkFlow_AF_E2E_B2B, count=8

Internal exceptions (10 events):
Event: 0.410 Thread 0x0000000003704800 Exception <a 'java/lang/ArrayIndexOutOfBoundsException'> (0x000000076b90d540) thrown at [C:\re\workspace\8-2-build-windows-amd64-cygwin\jdk8u211\12973\hotspot\src\share\vm\runtime\sharedRuntime.cpp, line 605]
Event: 0.410 Thread 0x0000000003704800 Exception <a 'java/lang/ArrayIndexOutOfBoundsException'> (0x000000076b90e448) thrown at [C:\re\workspace\8-2-build-windows-amd64-cygwin\jdk8u211\12973\hotspot\src\share\vm\runtime\sharedRuntime.cpp, line 605]
Event: 0.424 Thread 0x0000000003704800 Exception <a 'java/security/PrivilegedActionException'> (0x000000076b932c18) thrown at [C:\re\workspace\8-2-build-windows-amd64-cygwin\jdk8u211\12973\hotspot\src\share\vm\prims\jvm.cpp, line 1502]
Event: 0.424 Thread 0x0000000003704800 Exception <a 'java/security/PrivilegedActionException'> (0x000000076b932e28) thrown at [C:\re\workspace\8-2-build-windows-amd64-cygwin\jdk8u211\12973\hotspot\src\share\vm\prims\jvm.cpp, line 1502]
Event: 0.425 Thread 0x0000000003704800 Exception <a 'java/security/PrivilegedActionException'> (0x000000076b936a98) thrown at [C:\re\workspace\8-2-build-windows-amd64-cygwin\jdk8u211\12973\hotspot\src\share\vm\prims\jvm.cpp, line 1502]
Event: 0.425 Thread 0x0000000003704800 Exception <a 'java/security/PrivilegedActionException'> (0x000000076b936ca8) thrown at [C:\re\workspace\8-2-build-windows-amd64-cygwin\jdk8u211\12973\hotspot\src\share\vm\prims\jvm.cpp, line 1502]
Event: 0.919 Thread 0x0000000003704800 Exception <a 'java/lang/ArrayIndexOutOfBoundsException'> (0x000000076c009c20) thrown at [C:\re\workspace\8-2-build-windows-amd64-cygwin\jdk8u211\12973\hotspot\src\share\vm\runtime\sharedRuntime.cpp, line 605]
Event: 0.919 Thread 0x0000000003704800 Exception <a 'java/lang/ArrayIndexOutOfBoundsException'> (0x000000076c00a8a8) thrown at [C:\re\workspace\8-2-build-windows-amd64-cygwin\jdk8u211\12973\hotspot\src\share\vm\runtime\sharedRuntime.cpp, line 605]
Event: 1.075 Thread 0x0000000003704800 Exception <a 'java/lang/ArrayIndexOutOfBoundsException': 65> (0x000000076c5c9778) thrown at [C:\re\workspace\8-2-build-windows-amd64-cygwin\jdk8u211\12973\hotspot\src\share\vm\interpreter\interpreterRuntime.cpp, line 368]
Event: 1.076 Thread 0x0000000003704800 Exception <a 'java/lang/ArrayIndexOutOfBoundsException': 60> (0x000000076c5cf188) thrown at [C:\re\workspace\8-2-build-windows-amd64-cygwin\jdk8u211\12973\hotspot\src\share\vm\interpreter\interpreterRuntime.cpp, line 368]

Events (10 events):
Event: 10799.768 Executing VM operation: ChangeBreakpoints done
Event: 10799.773 Executing VM operation: ChangeBreakpoints
Event: 10799.773 Executing VM operation: ChangeBreakpoints done
Event: 10799.778 Executing VM operation: ChangeBreakpoints
Event: 10799.778 Executing VM operation: ChangeBreakpoints done
Event: 10801.109 Executing VM operation: GetOwnedMonitorInfo
Event: 10801.110 Executing VM operation: GetOwnedMonitorInfo done
Event: 10801.110 Executing VM operation: GetCurrentContendedMonitor
Event: 10801.110 Executing VM operation: GetCurrentContendedMonitor done
Event: 11688.724 Executing VM operation: RedefineClasses


Dynamic libraries:
0x00007ff663500000 - 0x00007ff663537000 	C:\Program Files\Java\jre1.8.0_211\bin\javaw.exe
0x00007ffb5b0e0000 - 0x00007ffb5b2d0000 	C:\WINDOWS\SYSTEM32\ntdll.dll
0x00007ffb2ebd0000 - 0x00007ffb2ebf7000 	C:\Program Files\Cylance\Desktop\CyMemDef64.dll
0x00007ffb59a90000 - 0x00007ffb59b42000 	C:\WINDOWS\System32\KERNEL32.DLL
0x00007ffb58310000 - 0x00007ffb585b3000 	C:\WINDOWS\System32\KERNELBASE.dll
0x00007ffb59510000 - 0x00007ffb595b3000 	C:\WINDOWS\System32\ADVAPI32.dll
0x00007ffb59960000 - 0x00007ffb599fe000 	C:\WINDOWS\System32\msvcrt.dll
0x00007ffb591f0000 - 0x00007ffb59287000 	C:\WINDOWS\System32\sechost.dll
0x00007ffb59eb0000 - 0x00007ffb59fd0000 	C:\WINDOWS\System32\RPCRT4.dll
0x00007ffb5a250000 - 0x00007ffb5a3e4000 	C:\WINDOWS\System32\USER32.dll
0x00007ffb59090000 - 0x00007ffb590b1000 	C:\WINDOWS\System32\win32u.dll
0x00007ffb59620000 - 0x00007ffb59646000 	C:\WINDOWS\System32\GDI32.dll
0x00007ffb58070000 - 0x00007ffb58204000 	C:\WINDOWS\System32\gdi32full.dll
0x00007ffb590c0000 - 0x00007ffb5915e000 	C:\WINDOWS\System32\msvcp_win.dll
0x00007ffb58210000 - 0x00007ffb5830a000 	C:\WINDOWS\System32\ucrtbase.dll
0x00007ffb3e770000 - 0x00007ffb3e9f5000 	C:\WINDOWS\WinSxS\amd64_microsoft.windows.common-controls_6595b64144ccf1df_6.0.18362.418_none_e6c6b287130d565d\COMCTL32.dll
0x00007ffb59b70000 - 0x00007ffb59ea6000 	C:\WINDOWS\System32\combase.dll
0x00007ffb585c0000 - 0x00007ffb58640000 	C:\WINDOWS\System32\bcryptPrimitives.dll
0x00007ffb59a00000 - 0x00007ffb59a2e000 	C:\WINDOWS\System32\IMM32.DLL
0x00007ffb4d4c0000 - 0x00007ffb4d56c000 	C:\windows\system32\tmumh\20019\AddOn\7.0.0.1169\TmUmEvt64.dll
0x00007ffb59b60000 - 0x00007ffb59b68000 	C:\WINDOWS\System32\PSAPI.DLL
0x00007ffb59a30000 - 0x00007ffb59a82000 	C:\WINDOWS\System32\SHLWAPI.dll
0x00000000552f0000 - 0x000000005540d000 	C:\windows\system32\tmumh\20019\TmMon\2.5.0.2090\tmmon64.dll
0x0000000053110000 - 0x00000000531e2000 	C:\Program Files\Java\jre1.8.0_211\bin\msvcr100.dll
0x0000000077400000 - 0x0000000077ca5000 	C:\Program Files\Java\jre1.8.0_211\bin\server\jvm.dll
0x00007ffb3c170000 - 0x00007ffb3c179000 	C:\WINDOWS\SYSTEM32\WSOCK32.dll
0x00007ffb59fd0000 - 0x00007ffb5a03f000 	C:\WINDOWS\System32\WS2_32.dll
0x00007ffb52db0000 - 0x00007ffb52dd4000 	C:\WINDOWS\SYSTEM32\WINMM.dll
0x00007ffb56fe0000 - 0x00007ffb56fea000 	C:\WINDOWS\SYSTEM32\VERSION.dll
0x00007ffb52d80000 - 0x00007ffb52dad000 	C:\WINDOWS\SYSTEM32\WINMMBASE.dll
0x00007ffb586f0000 - 0x00007ffb5873a000 	C:\WINDOWS\System32\cfgmgr32.dll
0x00007ffb54ae0000 - 0x00007ffb54aef000 	C:\Program Files\Java\jre1.8.0_211\bin\verify.dll
0x00007ffb54030000 - 0x00007ffb54059000 	C:\Program Files\Java\jre1.8.0_211\bin\java.dll
0x00007ffb35e40000 - 0x00007ffb35e75000 	C:\Program Files\Java\jre1.8.0_211\bin\jdwp.dll
0x00007ffb55410000 - 0x00007ffb55418000 	C:\Program Files\Java\jre1.8.0_211\bin\npt.dll
0x00007ffb54ac0000 - 0x00007ffb54ad6000 	C:\Program Files\Java\jre1.8.0_211\bin\zip.dll
0x00007ffb5a540000 - 0x00007ffb5ac25000 	C:\WINDOWS\System32\SHELL32.dll
0x00007ffb5a040000 - 0x00007ffb5a0e9000 	C:\WINDOWS\System32\shcore.dll
0x00007ffb58910000 - 0x00007ffb5908f000 	C:\WINDOWS\System32\windows.storage.dll
0x00007ffb58030000 - 0x00007ffb5804f000 	C:\WINDOWS\System32\profapi.dll
0x00007ffb57fc0000 - 0x00007ffb5800a000 	C:\WINDOWS\System32\powrprof.dll
0x00007ffb57fb0000 - 0x00007ffb57fc0000 	C:\WINDOWS\System32\UMPDC.dll
0x00007ffb58050000 - 0x00007ffb58061000 	C:\WINDOWS\System32\kernel.appcore.dll
0x00007ffb588f0000 - 0x00007ffb58907000 	C:\WINDOWS\System32\cryptsp.dll
0x00007ffb519a0000 - 0x00007ffb519a9000 	C:\Program Files\Java\jre1.8.0_211\bin\dt_socket.dll
0x00007ffb30650000 - 0x00007ffb30666000 	C:\WINDOWS\system32\napinsp.dll
0x00007ffb30630000 - 0x00007ffb3064a000 	C:\WINDOWS\system32\pnrpnsp.dll
0x00007ffb57820000 - 0x00007ffb57887000 	C:\WINDOWS\System32\mswsock.dll
0x00007ffb57570000 - 0x00007ffb5763a000 	C:\WINDOWS\SYSTEM32\DNSAPI.dll
0x00007ffb59b50000 - 0x00007ffb59b58000 	C:\WINDOWS\System32\NSI.dll
0x00007ffb57530000 - 0x00007ffb5756a000 	C:\WINDOWS\SYSTEM32\IPHLPAPI.DLL
0x00007ffb30bb0000 - 0x00007ffb30bbe000 	C:\WINDOWS\System32\winrnr.dll
0x00007ffb552c0000 - 0x00007ffb552dc000 	C:\WINDOWS\system32\NLAapi.dll
0x00007ffb30610000 - 0x00007ffb30625000 	C:\WINDOWS\system32\wshbth.dll
0x00007ffb54870000 - 0x00007ffb548e7000 	C:\WINDOWS\System32\fwpuclnt.dll
0x00007ffb59160000 - 0x00007ffb59186000 	C:\WINDOWS\System32\bcrypt.dll
0x00007ffb48f10000 - 0x00007ffb48f1a000 	C:\Windows\System32\rasadhlp.dll
0x00007ffb51bb0000 - 0x00007ffb51bca000 	C:\Program Files\Java\jre1.8.0_211\bin\net.dll
0x00007ffb49140000 - 0x00007ffb49316000 	C:\WINDOWS\SYSTEM32\urlmon.dll
0x00007ffb4ca60000 - 0x00007ffb4cd06000 	C:\WINDOWS\SYSTEM32\iertutil.dll
0x00007ffb579f0000 - 0x00007ffb579fc000 	C:\WINDOWS\SYSTEM32\CRYPTBASE.DLL
0x00007ffb57390000 - 0x00007ffb573c3000 	C:\WINDOWS\system32\rsaenh.dll
0x00007ffb57ed0000 - 0x00007ffb57ef5000 	C:\WINDOWS\SYSTEM32\USERENV.dll
0x00007ffb53490000 - 0x00007ffb534a6000 	C:\WINDOWS\SYSTEM32\dhcpcsvc6.DLL
0x00007ffb53460000 - 0x00007ffb5347c000 	C:\WINDOWS\SYSTEM32\dhcpcsvc.DLL
0x00007ffb519d0000 - 0x00007ffb519e2000 	C:\Program Files\Java\jre1.8.0_211\bin\nio.dll
0x00007ffb55930000 - 0x00007ffb55b24000 	C:\WINDOWS\SYSTEM32\dbghelp.dll

VM Arguments:
jvm_args: -agentlib:jdwp=transport=dt_socket,suspend=y,address=localhost:53603 -ea -Dfile.encoding=Cp1252 
java_command: org.testng.remote.RemoteTestNG -serport 53602 -protocol json -d E:\Maven Workspace\JobProcessing\test-output C:\Users\RGURAJ~1\AppData\Local\Temp\testng-eclipse-459866247\testng-customsuite.xml
java_class_path (initial): E:\eclipse-jee-oxygen\eclipse\plugins\org.testng.eclipse_6.10.0.201612030230\lib\testng-remote.jar;C:\Program Files\Java\jre1.8.0_211\lib\resources.jar;C:\Program Files\Java\jre1.8.0_211\lib\rt.jar;C:\Program Files\Java\jre1.8.0_211\lib\jsse.jar;C:\Program Files\Java\jre1.8.0_211\lib\jce.jar;C:\Program Files\Java\jre1.8.0_211\lib\charsets.jar;C:\Program Files\Java\jre1.8.0_211\lib\jfr.jar;C:\Program Files\Java\jre1.8.0_211\lib\ext\access-bridge-64.jar;C:\Program Files\Java\jre1.8.0_211\lib\ext\cldrdata.jar;C:\Program Files\Java\jre1.8.0_211\lib\ext\dnsns.jar;C:\Program Files\Java\jre1.8.0_211\lib\ext\jaccess.jar;C:\Program Files\Java\jre1.8.0_211\lib\ext\jfxrt.jar;C:\Program Files\Java\jre1.8.0_211\lib\ext\localedata.jar;C:\Program Files\Java\jre1.8.0_211\lib\ext\nashorn.jar;C:\Program Files\Java\jre1.8.0_211\lib\ext\sunec.jar;C:\Program Files\Java\jre1.8.0_211\lib\ext\sunjce_provider.jar;C:\Program Files\Java\jre1.8.0_211\lib\ext\sunmscapi.jar;C:\Program Files\Java\jre1.8.0_211\lib\ext\sunpkcs11.jar;C:\Program Files\Java\jre1.8.0_211\lib\ext\zipfs.jar;E:\Maven Workspace\JobProcessing\target\test-classes;E:\Maven Workspace\JobProcessing\target\classes;C:\Users\rgurajala\.m2\repository\org\seleniumhq\selenium\selenium-java\3.14.0\selenium-java-3.14.0.jar;C:\Users\rgurajala\.m2\repository\org\seleniumhq\selenium\selenium-api\3.14.0\selenium-api-3.14.0.jar;C:\Users\rgurajala\.m2\repository\org\seleniumhq\selenium\selenium-chrome-driver\3.14.0\selenium-chrome-driver-3.14.0.jar;C:\Users\rgurajala\.m2\repository\org\seleniumhq\selenium\selenium-remote-driver\3.14.0\selenium-remote-driver-3.14.0.jar;C:\Users\rgurajala\.m2\repository\net\bytebuddy\byte-buddy\1.8.15\byte-buddy-1.8.15.jar;C:\Users\rgurajala\.m2\repository\org\apache\commons\commons-exec\1.3\commons-exec-1.3.jar;C:\Users\rgurajala\.m2\repository\commons-codec\commons-codec\1.10\commons-codec-1.10.jar;C:\Users\rgurajala\.m2\repository\commons-logging\commons-logging\1.2\commons-logg
Launcher Type: SUN_STANDARD

Environment Variables:
PATH=C:/Program Files/Java/jre1.8.0_211/bin/server;C:/Program Files/Java/jre1.8.0_211/bin;C:/Program Files/Java/jre1.8.0_211/lib/amd64;C:\Program Files (x86)\Common Files\Oracle\Java\javapath;C:\Program Files (x86)\Intel\Intel(R) Management Engine Components\iCLS\;C:\Program Files\Intel\Intel(R) Management Engine Components\iCLS\;C:\windows\system32;C:\windows;C:\windows\System32\Wbem;C:\windows\System32\WindowsPowerShell\v1.0\;C:\windows\System32\OpenSSH\;C:\Program Files (x86)\NVIDIA Corporation\PhysX\Common;C:\Program Files (x86)\Intel\Intel(R) Management Engine Components\DAL;C:\Program Files\Intel\Intel(R) Management Engine Components\DAL;C:\Program Files (x86)\Intel\Intel(R) Management Engine Components\IPT;C:\Program Files\Intel\Intel(R) Management Engine Components\IPT;C:\Program Files (x86)\Enterprise Vault\EVClient\;C:\Program Files\Git\cmd;C:\Program Files\Intel\WiFi\bin\;C:\Program Files\Common Files\Intel\WirelessCommon\;%SystemRoot%\system32;%SystemRoot%;%SystemRoot%\System32\Wbem;%SYSTEMROOT%\System32\WindowsPowerShell\v1.0\;%SYSTEMROOT%\System32\OpenSSH\;C:\Users\rgurajala\AppData\Local\Microsoft\WindowsApps;C:\Users\rgurajala\AppData\Local\Programs\Fiddler;C:\Users\rgurajala\AppData\Local\Microsoft\WindowsApps;C:\Jar Files\apache-maven-3.6.3\bin;;E:\eclipse-jee-oxygen\eclipse;
USERNAME=RGurajala
OS=Windows_NT
PROCESSOR_IDENTIFIER=Intel64 Family 6 Model 142 Stepping 10, GenuineIntel



---------------  S Y S T E M  ---------------

OS: Windows 10.0 , 64 bit Build 18362 (10.0.18362.329)

CPU:total 8 (initial active 8) (4 cores per cpu, 2 threads per core) family 6 model 142 stepping 10, cmov, cx8, fxsr, mmx, sse, sse2, sse3, ssse3, sse4.1, sse4.2, popcnt, avx, avx2, aes, clmul, erms, 3dnowpref, lzcnt, ht, tsc, tscinvbit, bmi1, bmi2, adx

Memory: 4k page, physical 16665800k(3726324k free), swap 24544824k(4598236k free)

vm_info: Java HotSpot(TM) 64-Bit Server VM (25.211-b12) for windows-amd64 JRE (1.8.0_211-b12), built on Apr  1 2019 20:53:26 by "java_re" with MS VC++ 10.0 (VS2010)

time: Mon Jan 06 14:42:53 2020
timezone: India Standard Time
elapsed time: 11688 seconds (0d 3h 14m 48s)

