#
# A fatal error has been detected by the Java Runtime Environment:
#
#  Internal Error (javaCalls.cpp:51), pid=12092, tid=0x0000000000005530
#  guarantee(thread->is_Java_thread()) failed: crucial check - the VM thread cannot and must not escape to Java code
#
# JRE version: Java(TM) SE Runtime Environment (8.0_211-b12) (build 1.8.0_211-b12)
# Java VM: Java HotSpot(TM) 64-Bit Server VM (25.211-b12 mixed mode windows-amd64 compressed oops)
# Failed to write core dump. Minidumps are not enabled by default on client versions of Windows
#
# If you would like to submit a bug report, please visit:
#   http://bugreport.java.com/bugreport/crash.jsp
#

---------------  T H R E A D  ---------------

Current thread (0x0000000005a4a800):  VMThread [stack: 0x0000000007800000,0x0000000007900000] [id=21808]

Stack: [0x0000000007800000,0x0000000007900000]
[error occurred during error reporting (printing stack bounds), id 0xc0000005]

Native frames: (J=compiled Java code, j=interpreted, Vv=VM code, C=native code)

VM_Operation (0x00000000086cf4b0): GetOrSetLocal, mode: safepoint, requested by thread 0x0000000007a36000


---------------  P R O C E S S  ---------------

Java Threads: ( => current thread )
  0x0000000009422800 JavaThread "ReaderThread" [_thread_in_native, id=22172, stack(0x0000000008ed0000,0x0000000008fd0000)]
  0x0000000007af1000 JavaThread "Service Thread" daemon [_thread_blocked, id=21724, stack(0x0000000008cd0000,0x0000000008dd0000)]
  0x0000000007a6d000 JavaThread "C1 CompilerThread3" daemon [_thread_blocked, id=19404, stack(0x0000000008bd0000,0x0000000008cd0000)]
  0x0000000007a64000 JavaThread "C2 CompilerThread2" daemon [_thread_blocked, id=17988, stack(0x0000000008ad0000,0x0000000008bd0000)]
  0x0000000007a63800 JavaThread "C2 CompilerThread1" daemon [_thread_blocked, id=18988, stack(0x00000000089d0000,0x0000000008ad0000)]
  0x0000000007a56800 JavaThread "C2 CompilerThread0" daemon [_thread_blocked, id=21288, stack(0x00000000088d0000,0x00000000089d0000)]
  0x0000000007a47800 JavaThread "JDWP Command Reader" daemon [_thread_in_native, id=17904, stack(0x00000000087d0000,0x00000000088d0000)]
  0x0000000007a44800 JavaThread "JDWP Event Helper Thread" daemon [_thread_blocked, id=19504, stack(0x00000000086d0000,0x00000000087d0000)]
  0x0000000007a36000 JavaThread "JDWP Transport Listener: dt_socket" daemon [_thread_blocked, id=22164, stack(0x00000000085d0000,0x00000000086d0000)]
  0x0000000007a2c800 JavaThread "Attach Listener" daemon [_thread_blocked, id=17512, stack(0x0000000008190000,0x0000000008290000)]
  0x0000000005a5e800 JavaThread "Signal Dispatcher" daemon [_thread_blocked, id=22252, stack(0x0000000008090000,0x0000000008190000)]
  0x0000000002e4e000 JavaThread "Finalizer" daemon [_thread_blocked, id=11696, stack(0x0000000007e00000,0x0000000007f00000)]
  0x0000000002e4c800 JavaThread "Reference Handler" daemon [_thread_blocked, id=21424, stack(0x0000000007900000,0x0000000007a00000)]
  0x0000000002d54800 JavaThread "main" [_thread_blocked, id=21980, stack(0x0000000002c50000,0x0000000002d50000)]

Other Threads:
=>0x0000000005a4a800 VMThread [stack: 0x0000000007800000,0x0000000007900000] [id=21808]
  0x0000000007b02000 WatcherThread [stack: 0x0000000008dd0000,0x0000000008ed0000] [id=20256]

VM state:at safepoint (normal execution)

VM Mutex/Monitor currently owned by a thread:  ([mutex/lock_event])
[0x0000000002d521d0] Threads_lock - owner thread: 0x0000000005a4a800

heap address: 0x00000006c1a00000, size: 4070 MB, Compressed Oops mode: Zero based, Oop shift amount: 3
Narrow klass base: 0x0000000000000000, Narrow klass shift: 3
Compressed class space size: 1073741824 Address: 0x00000007c0000000

Heap:
 PSYoungGen      total 76288K, used 22293K [0x000000076b380000, 0x0000000770880000, 0x00000007c0000000)
  eden space 65536K, 34% used [0x000000076b380000,0x000000076c945438,0x000000076f380000)
  from space 10752K, 0% used [0x000000076fe00000,0x000000076fe00000,0x0000000770880000)
  to   space 10752K, 0% used [0x000000076f380000,0x000000076f380000,0x000000076fe00000)
 ParOldGen       total 175104K, used 0K [0x00000006c1a00000, 0x00000006cc500000, 0x000000076b380000)
  object space 175104K, 0% used [0x00000006c1a00000,0x00000006c1a00000,0x00000006cc500000)
 Metaspace       used 8624K, capacity 8700K, committed 8832K, reserved 1056768K
  class space    used 1006K, capacity 1042K, committed 1152K, reserved 1048576K

Card table byte_map: [0x0000000003210000,0x0000000003a10000] byte_map_base: 0xffffffffffc03000

Marking Bits: (ParMarkBitMap*) 0x0000000077c25ce0
 Begin Bits: [0x0000000014150000, 0x00000000180e8000)
 End Bits:   [0x00000000180e8000, 0x000000001c080000)

Polling page: 0x0000000002bf0000

CodeCache: size=245760Kb used=2822Kb max_used=2822Kb free=242937Kb
 bounds [0x0000000020210000, 0x00000000204e0000, 0x000000002f210000]
 total_blobs=939 nmethods=626 adapters=234
 compilation: enabled

Compilation events (10 events):
Event: 1.154 Thread 0x0000000007a6d000  623   !   3       sun.misc.Resource::getBytes (242 bytes)
Event: 1.155 Thread 0x0000000007a6d000 nmethod 623 0x00000000204cc050 code [0x00000000204cc360, 0x00000000204cde88]
Event: 1.155 Thread 0x0000000007a6d000  622   !   3       java.net.URLClassLoader::definePackageInternal (81 bytes)
Event: 1.156 Thread 0x0000000007a6d000 nmethod 622 0x00000000204cec50 code [0x00000000204cee80, 0x00000000204cfa18]
Event: 1.156 Thread 0x0000000007a6d000  624       3       java.security.CodeSource::<init> (40 bytes)
Event: 1.156 Thread 0x0000000007a6d000 nmethod 624 0x00000000204cff90 code [0x00000000204d0120, 0x00000000204d0588]
Event: 1.156 Thread 0x0000000007a6d000  625   !   3       java.security.SecureClassLoader::getProtectionDomain (114 bytes)
Event: 1.157 Thread 0x0000000007a6d000 nmethod 625 0x00000000204d06d0 code [0x00000000204d08c0, 0x00000000204d1488]
Event: 1.157 Thread 0x0000000007a6d000  626       3       java.lang.ClassLoader::defineClass (43 bytes)
Event: 1.158 Thread 0x0000000007a6d000 nmethod 626 0x00000000204d1a90 code [0x00000000204d1c80, 0x00000000204d2888]

GC Heap History (0 events):
No events

Deoptimization events (2 events):
Event: 0.583 Thread 0x0000000002d54800 Uncommon trap: reason=unstable_if action=reinterpret pc=0x00000000203b6c08 method=java.lang.String.indexOf([CII[CIII)I @ 3
Event: 1.123 Thread 0x0000000002d54800 Uncommon trap: reason=range_check action=make_not_entrant pc=0x00000000204bd850 method=sun.reflect.generics.parser.SignatureParser.current()C @ 34

Classes redefined (5 events):
Event: 1653.249 Thread 0x0000000005a4a800 redefined class name=com.agility.focis.jp.workflows.af.WorkFlow_AF_E2E_B2B, count=1
Event: 1653.252 Thread 0x0000000005a4a800 redefined class name=com.agility.focis.utility.BaseTest, count=1
Event: 1730.811 Thread 0x0000000005a4a800 redefined class name=com.agility.focis.jp.workflows.af.WorkFlow_AF_E2E_B2B, count=3
Event: 3169.767 Thread 0x0000000005a4a800 redefined class name=com.agility.focis.jp.workflows.af.WorkFlow_AF_E2E_B2B, count=4
Event: 3308.888 Thread 0x0000000005a4a800 redefined class name=com.agility.focis.jp.workflows.af.WorkFlow_AF_E2E_B2B, count=5

Internal exceptions (10 events):
Event: 0.398 Thread 0x0000000002d54800 Exception <a 'java/lang/ArrayIndexOutOfBoundsException'> (0x000000076b90d540) thrown at [C:\re\workspace\8-2-build-windows-amd64-cygwin\jdk8u211\12973\hotspot\src\share\vm\runtime\sharedRuntime.cpp, line 605]
Event: 0.398 Thread 0x0000000002d54800 Exception <a 'java/lang/ArrayIndexOutOfBoundsException'> (0x000000076b90e448) thrown at [C:\re\workspace\8-2-build-windows-amd64-cygwin\jdk8u211\12973\hotspot\src\share\vm\runtime\sharedRuntime.cpp, line 605]
Event: 0.415 Thread 0x0000000002d54800 Exception <a 'java/security/PrivilegedActionException'> (0x000000076b932c18) thrown at [C:\re\workspace\8-2-build-windows-amd64-cygwin\jdk8u211\12973\hotspot\src\share\vm\prims\jvm.cpp, line 1502]
Event: 0.415 Thread 0x0000000002d54800 Exception <a 'java/security/PrivilegedActionException'> (0x000000076b932e28) thrown at [C:\re\workspace\8-2-build-windows-amd64-cygwin\jdk8u211\12973\hotspot\src\share\vm\prims\jvm.cpp, line 1502]
Event: 0.416 Thread 0x0000000002d54800 Exception <a 'java/security/PrivilegedActionException'> (0x000000076b936a98) thrown at [C:\re\workspace\8-2-build-windows-amd64-cygwin\jdk8u211\12973\hotspot\src\share\vm\prims\jvm.cpp, line 1502]
Event: 0.416 Thread 0x0000000002d54800 Exception <a 'java/security/PrivilegedActionException'> (0x000000076b936ca8) thrown at [C:\re\workspace\8-2-build-windows-amd64-cygwin\jdk8u211\12973\hotspot\src\share\vm\prims\jvm.cpp, line 1502]
Event: 0.952 Thread 0x0000000002d54800 Exception <a 'java/lang/ArrayIndexOutOfBoundsException'> (0x000000076c00c558) thrown at [C:\re\workspace\8-2-build-windows-amd64-cygwin\jdk8u211\12973\hotspot\src\share\vm\runtime\sharedRuntime.cpp, line 605]
Event: 0.952 Thread 0x0000000002d54800 Exception <a 'java/lang/ArrayIndexOutOfBoundsException'> (0x000000076c00d1e0) thrown at [C:\re\workspace\8-2-build-windows-amd64-cygwin\jdk8u211\12973\hotspot\src\share\vm\runtime\sharedRuntime.cpp, line 605]
Event: 1.123 Thread 0x0000000002d54800 Exception <a 'java/lang/ArrayIndexOutOfBoundsException': 65> (0x000000076c5cabd8) thrown at [C:\re\workspace\8-2-build-windows-amd64-cygwin\jdk8u211\12973\hotspot\src\share\vm\interpreter\interpreterRuntime.cpp, line 368]
Event: 1.124 Thread 0x0000000002d54800 Exception <a 'java/lang/ArrayIndexOutOfBoundsException': 60> (0x000000076c5d05e8) thrown at [C:\re\workspace\8-2-build-windows-amd64-cygwin\jdk8u211\12973\hotspot\src\share\vm\interpreter\interpreterRuntime.cpp, line 368]

Events (10 events):
Event: 3449.167 Executing VM operation: GetCurrentContendedMonitor done
Event: 3449.167 Executing VM operation: GetOwnedMonitorInfo
Event: 3449.167 Executing VM operation: GetOwnedMonitorInfo done
Event: 3861.488 Executing VM operation: GetOrSetLocal
Event: 3861.489 Executing VM operation: GetOrSetLocal done
Event: 3861.987 Executing VM operation: GetCurrentContendedMonitor
Event: 3861.988 Executing VM operation: GetCurrentContendedMonitor done
Event: 3861.988 Executing VM operation: GetOwnedMonitorInfo
Event: 3861.989 Executing VM operation: GetOwnedMonitorInfo done
Event: 3862.157 Executing VM operation: GetOrSetLocal


Dynamic libraries:
0x00007ff663500000 - 0x00007ff663537000 	C:\Program Files\Java\jre1.8.0_211\bin\javaw.exe
0x00007ffb5b0e0000 - 0x00007ffb5b2d0000 	C:\WINDOWS\SYSTEM32\ntdll.dll
0x00007ffb2ebd0000 - 0x00007ffb2ebf7000 	C:\Program Files\Cylance\Desktop\CyMemDef64.dll
0x00007ffb59a90000 - 0x00007ffb59b42000 	C:\WINDOWS\System32\KERNEL32.DLL
0x00007ffb58310000 - 0x00007ffb585b3000 	C:\WINDOWS\System32\KERNELBASE.dll
0x00007ffb59510000 - 0x00007ffb595b3000 	C:\WINDOWS\System32\ADVAPI32.dll
0x00007ffb59960000 - 0x00007ffb599fe000 	C:\WINDOWS\System32\msvcrt.dll
0x00007ffb591f0000 - 0x00007ffb59287000 	C:\WINDOWS\System32\sechost.dll
0x00007ffb59eb0000 - 0x00007ffb59fd0000 	C:\WINDOWS\System32\RPCRT4.dll
0x00007ffb5a250000 - 0x00007ffb5a3e4000 	C:\WINDOWS\System32\USER32.dll
0x00007ffb59090000 - 0x00007ffb590b1000 	C:\WINDOWS\System32\win32u.dll
0x00007ffb59620000 - 0x00007ffb59646000 	C:\WINDOWS\System32\GDI32.dll
0x00007ffb58070000 - 0x00007ffb58204000 	C:\WINDOWS\System32\gdi32full.dll
0x00007ffb590c0000 - 0x00007ffb5915e000 	C:\WINDOWS\System32\msvcp_win.dll
0x00007ffb58210000 - 0x00007ffb5830a000 	C:\WINDOWS\System32\ucrtbase.dll
0x00007ffb3e770000 - 0x00007ffb3e9f5000 	C:\WINDOWS\WinSxS\amd64_microsoft.windows.common-controls_6595b64144ccf1df_6.0.18362.418_none_e6c6b287130d565d\COMCTL32.dll
0x00007ffb59b70000 - 0x00007ffb59ea6000 	C:\WINDOWS\System32\combase.dll
0x00007ffb585c0000 - 0x00007ffb58640000 	C:\WINDOWS\System32\bcryptPrimitives.dll
0x00007ffb59a00000 - 0x00007ffb59a2e000 	C:\WINDOWS\System32\IMM32.DLL
0x00007ffb4d4c0000 - 0x00007ffb4d56c000 	C:\windows\system32\tmumh\20019\AddOn\7.0.0.1169\TmUmEvt64.dll
0x00007ffb59b60000 - 0x00007ffb59b68000 	C:\WINDOWS\System32\PSAPI.DLL
0x00007ffb59a30000 - 0x00007ffb59a82000 	C:\WINDOWS\System32\SHLWAPI.dll
0x00000000552f0000 - 0x000000005540d000 	C:\windows\system32\tmumh\20019\TmMon\2.5.0.2090\tmmon64.dll
0x0000000053110000 - 0x00000000531e2000 	C:\Program Files\Java\jre1.8.0_211\bin\msvcr100.dll
0x0000000077400000 - 0x0000000077ca5000 	C:\Program Files\Java\jre1.8.0_211\bin\server\jvm.dll
0x00007ffb3c170000 - 0x00007ffb3c179000 	C:\WINDOWS\SYSTEM32\WSOCK32.dll
0x00007ffb59fd0000 - 0x00007ffb5a03f000 	C:\WINDOWS\System32\WS2_32.dll
0x00007ffb52db0000 - 0x00007ffb52dd4000 	C:\WINDOWS\SYSTEM32\WINMM.dll
0x00007ffb56fe0000 - 0x00007ffb56fea000 	C:\WINDOWS\SYSTEM32\VERSION.dll
0x00007ffb52d80000 - 0x00007ffb52dad000 	C:\WINDOWS\SYSTEM32\WINMMBASE.dll
0x00007ffb586f0000 - 0x00007ffb5873a000 	C:\WINDOWS\System32\cfgmgr32.dll
0x00007ffb54ae0000 - 0x00007ffb54aef000 	C:\Program Files\Java\jre1.8.0_211\bin\verify.dll
0x00007ffb54030000 - 0x00007ffb54059000 	C:\Program Files\Java\jre1.8.0_211\bin\java.dll
0x00007ffb35e40000 - 0x00007ffb35e75000 	C:\Program Files\Java\jre1.8.0_211\bin\jdwp.dll
0x00007ffb55410000 - 0x00007ffb55418000 	C:\Program Files\Java\jre1.8.0_211\bin\npt.dll
0x00007ffb54ac0000 - 0x00007ffb54ad6000 	C:\Program Files\Java\jre1.8.0_211\bin\zip.dll
0x00007ffb5a540000 - 0x00007ffb5ac25000 	C:\WINDOWS\System32\SHELL32.dll
0x00007ffb5a040000 - 0x00007ffb5a0e9000 	C:\WINDOWS\System32\shcore.dll
0x00007ffb58910000 - 0x00007ffb5908f000 	C:\WINDOWS\System32\windows.storage.dll
0x00007ffb58030000 - 0x00007ffb5804f000 	C:\WINDOWS\System32\profapi.dll
0x00007ffb57fc0000 - 0x00007ffb5800a000 	C:\WINDOWS\System32\powrprof.dll
0x00007ffb57fb0000 - 0x00007ffb57fc0000 	C:\WINDOWS\System32\UMPDC.dll
0x00007ffb58050000 - 0x00007ffb58061000 	C:\WINDOWS\System32\kernel.appcore.dll
0x00007ffb588f0000 - 0x00007ffb58907000 	C:\WINDOWS\System32\cryptsp.dll
0x00007ffb519a0000 - 0x00007ffb519a9000 	C:\Program Files\Java\jre1.8.0_211\bin\dt_socket.dll
0x00007ffb30650000 - 0x00007ffb30666000 	C:\WINDOWS\system32\napinsp.dll
0x00007ffb30630000 - 0x00007ffb3064a000 	C:\WINDOWS\system32\pnrpnsp.dll
0x00007ffb57820000 - 0x00007ffb57887000 	C:\WINDOWS\System32\mswsock.dll
0x00007ffb57570000 - 0x00007ffb5763a000 	C:\WINDOWS\SYSTEM32\DNSAPI.dll
0x00007ffb59b50000 - 0x00007ffb59b58000 	C:\WINDOWS\System32\NSI.dll
0x00007ffb57530000 - 0x00007ffb5756a000 	C:\WINDOWS\SYSTEM32\IPHLPAPI.DLL
0x00007ffb30bb0000 - 0x00007ffb30bbe000 	C:\WINDOWS\System32\winrnr.dll
0x00007ffb552c0000 - 0x00007ffb552dc000 	C:\WINDOWS\system32\NLAapi.dll
0x00007ffb30610000 - 0x00007ffb30625000 	C:\WINDOWS\system32\wshbth.dll
0x00007ffb54870000 - 0x00007ffb548e7000 	C:\WINDOWS\System32\fwpuclnt.dll
0x00007ffb59160000 - 0x00007ffb59186000 	C:\WINDOWS\System32\bcrypt.dll
0x00007ffb48f10000 - 0x00007ffb48f1a000 	C:\Windows\System32\rasadhlp.dll
0x00007ffb51bb0000 - 0x00007ffb51bca000 	C:\Program Files\Java\jre1.8.0_211\bin\net.dll
0x00007ffb49140000 - 0x00007ffb49316000 	C:\WINDOWS\SYSTEM32\urlmon.dll
0x00007ffb4ca60000 - 0x00007ffb4cd06000 	C:\WINDOWS\SYSTEM32\iertutil.dll
0x00007ffb579f0000 - 0x00007ffb579fc000 	C:\WINDOWS\SYSTEM32\CRYPTBASE.DLL
0x00007ffb57390000 - 0x00007ffb573c3000 	C:\WINDOWS\system32\rsaenh.dll
0x00007ffb57ed0000 - 0x00007ffb57ef5000 	C:\WINDOWS\SYSTEM32\USERENV.dll
0x00007ffb53490000 - 0x00007ffb534a6000 	C:\WINDOWS\SYSTEM32\dhcpcsvc6.DLL
0x00007ffb53460000 - 0x00007ffb5347c000 	C:\WINDOWS\SYSTEM32\dhcpcsvc.DLL
0x00007ffb519d0000 - 0x00007ffb519e2000 	C:\Program Files\Java\jre1.8.0_211\bin\nio.dll

VM Arguments:
jvm_args: -agentlib:jdwp=transport=dt_socket,suspend=y,address=localhost:53999 -ea -Dfile.encoding=Cp1252 
java_command: org.testng.remote.RemoteTestNG -serport 53998 -protocol json -d E:\Maven Workspace\JobProcessing\test-output C:\Users\RGURAJ~1\AppData\Local\Temp\testng-eclipse--607526249\testng-customsuite.xml
java_class_path (initial): E:\eclipse-jee-oxygen\eclipse\plugins\org.testng.eclipse_6.10.0.201612030230\lib\testng-remote.jar;C:\Program Files\Java\jre1.8.0_211\lib\resources.jar;C:\Program Files\Java\jre1.8.0_211\lib\rt.jar;C:\Program Files\Java\jre1.8.0_211\lib\jsse.jar;C:\Program Files\Java\jre1.8.0_211\lib\jce.jar;C:\Program Files\Java\jre1.8.0_211\lib\charsets.jar;C:\Program Files\Java\jre1.8.0_211\lib\jfr.jar;C:\Program Files\Java\jre1.8.0_211\lib\ext\access-bridge-64.jar;C:\Program Files\Java\jre1.8.0_211\lib\ext\cldrdata.jar;C:\Program Files\Java\jre1.8.0_211\lib\ext\dnsns.jar;C:\Program Files\Java\jre1.8.0_211\lib\ext\jaccess.jar;C:\Program Files\Java\jre1.8.0_211\lib\ext\jfxrt.jar;C:\Program Files\Java\jre1.8.0_211\lib\ext\localedata.jar;C:\Program Files\Java\jre1.8.0_211\lib\ext\nashorn.jar;C:\Program Files\Java\jre1.8.0_211\lib\ext\sunec.jar;C:\Program Files\Java\jre1.8.0_211\lib\ext\sunjce_provider.jar;C:\Program Files\Java\jre1.8.0_211\lib\ext\sunmscapi.jar;C:\Program Files\Java\jre1.8.0_211\lib\ext\sunpkcs11.jar;C:\Program Files\Java\jre1.8.0_211\lib\ext\zipfs.jar;E:\Maven Workspace\JobProcessing\target\test-classes;E:\Maven Workspace\JobProcessing\target\classes;C:\Users\rgurajala\.m2\repository\org\seleniumhq\selenium\selenium-java\3.14.0\selenium-java-3.14.0.jar;C:\Users\rgurajala\.m2\repository\org\seleniumhq\selenium\selenium-api\3.14.0\selenium-api-3.14.0.jar;C:\Users\rgurajala\.m2\repository\org\seleniumhq\selenium\selenium-chrome-driver\3.14.0\selenium-chrome-driver-3.14.0.jar;C:\Users\rgurajala\.m2\repository\org\seleniumhq\selenium\selenium-remote-driver\3.14.0\selenium-remote-driver-3.14.0.jar;C:\Users\rgurajala\.m2\repository\net\bytebuddy\byte-buddy\1.8.15\byte-buddy-1.8.15.jar;C:\Users\rgurajala\.m2\repository\org\apache\commons\commons-exec\1.3\commons-exec-1.3.jar;C:\Users\rgurajala\.m2\repository\commons-codec\commons-codec\1.10\commons-codec-1.10.jar;C:\Users\rgurajala\.m2\repository\commons-logging\commons-logging\1.2\commons-logg
Launcher Type: SUN_STANDARD

Environment Variables:
PATH=C:/Program Files/Java/jre1.8.0_211/bin/server;C:/Program Files/Java/jre1.8.0_211/bin;C:/Program Files/Java/jre1.8.0_211/lib/amd64;C:\Program Files (x86)\Common Files\Oracle\Java\javapath;C:\Program Files (x86)\Intel\Intel(R) Management Engine Components\iCLS\;C:\Program Files\Intel\Intel(R) Management Engine Components\iCLS\;C:\windows\system32;C:\windows;C:\windows\System32\Wbem;C:\windows\System32\WindowsPowerShell\v1.0\;C:\windows\System32\OpenSSH\;C:\Program Files (x86)\NVIDIA Corporation\PhysX\Common;C:\Program Files (x86)\Intel\Intel(R) Management Engine Components\DAL;C:\Program Files\Intel\Intel(R) Management Engine Components\DAL;C:\Program Files (x86)\Intel\Intel(R) Management Engine Components\IPT;C:\Program Files\Intel\Intel(R) Management Engine Components\IPT;C:\Program Files (x86)\Enterprise Vault\EVClient\;C:\Program Files\Git\cmd;C:\Program Files\Intel\WiFi\bin\;C:\Program Files\Common Files\Intel\WirelessCommon\;%SystemRoot%\system32;%SystemRoot%;%SystemRoot%\System32\Wbem;%SYSTEMROOT%\System32\WindowsPowerShell\v1.0\;%SYSTEMROOT%\System32\OpenSSH\;C:\Users\rgurajala\AppData\Local\Microsoft\WindowsApps;C:\Users\rgurajala\AppData\Local\Programs\Fiddler;C:\Users\rgurajala\AppData\Local\Microsoft\WindowsApps;C:\Jar Files\apache-maven-3.6.3\bin;;E:\eclipse-jee-oxygen\eclipse;
USERNAME=RGurajala
OS=Windows_NT
PROCESSOR_IDENTIFIER=Intel64 Family 6 Model 142 Stepping 10, GenuineIntel



---------------  S Y S T E M  ---------------

OS: Windows 10.0 , 64 bit Build 18362 (10.0.18362.329)

CPU:total 8 (initial active 8) (4 cores per cpu, 2 threads per core) family 6 model 142 stepping 10, cmov, cx8, fxsr, mmx, sse, sse2, sse3, ssse3, sse4.1, sse4.2, popcnt, avx, avx2, aes, clmul, erms, 3dnowpref, lzcnt, ht, tsc, tscinvbit, bmi1, bmi2, adx

Memory: 4k page, physical 16665800k(4105752k free), swap 23481544k(4015688k free)

vm_info: Java HotSpot(TM) 64-Bit Server VM (25.211-b12) for windows-amd64 JRE (1.8.0_211-b12), built on Apr  1 2019 20:53:26 by "java_re" with MS VC++ 10.0 (VS2010)

time: Mon Jan 06 12:38:40 2020
timezone: India Standard Time
elapsed time: 3862 seconds (0d 1h 4m 22s)

